nohup: ignoring input
numCPUs 1
Worker 20786
Worker 20787
Worker 20789
Worker 20790
ID 20786
[0mGET / [32m200 [0m13.636 ms - 626[0m
[0mGET /javascripts/angularApp.js [32m200 [0m4.137 ms - 483[0m
[0mGET /favicon.ico [33m404 [0m3.250 ms - 1037[0m
ID 20790
[0mHEAD / [32m200 [0m15.190 ms - 626[0m
ID 20790
[0mGET / [36m304 [0m2.338 ms - -[0m
[0mGET /javascripts/angularApp.js [36m304 [0m1.921 ms - -[0m
Service ID 20790
[0mGET /pid [32m200 [0m1.695 ms - 31[0m
ID 20790
[0mGET / [32m200 [0m1.198 ms - 626[0m
[0mGET /index.htm [33m404 [0m2.918 ms - 1037[0m
[0mGET /tmUnblock.cgi [33m404 [0m1.609 ms - 1037[0m
ID 20786
[0mGET / [32m200 [0m1.235 ms - 626[0m
ID 20790
[0mGET / [32m200 [0m0.859 ms - 626[0m
[0mGET /favicon.ico [33m404 [0m1.607 ms - 1037[0m
[0mGET /robots.txt [33m404 [0m1.401 ms - 1037[0m
[0mGET /forecast.html [33m404 [0m1.068 ms - 1037[0m
[0mGET /muieblackcat [33m404 [0m1.152 ms - 1037[0m
[0mGET //phpMyAdmin/scripts/setup.php [33m404 [0m1.500 ms - 1037[0m
[0mGET //phpmyadmin/scripts/setup.php [33m404 [0m16.150 ms - 1037[0m
[0mGET //pma/scripts/setup.php [33m404 [0m1.802 ms - 1037[0m
[0mGET //myadmin/scripts/setup.php [33m404 [0m1.741 ms - 1037[0m
[0mGET //MyAdmin/scripts/setup.php [33m404 [0m16.066 ms - 1037[0m
ID 20790
[0mGET / [32m200 [0m0.872 ms - 626[0m
ID 20790
[0mHEAD / [32m200 [0m0.904 ms - 626[0m
ID 20790
[0mGET / [32m200 [0m0.936 ms - 626[0m
[0mGET /favicon.ico [33m404 [0m0.975 ms - 1037[0m
[0mGET http://www.baidu.com/img/baidu_jgylogo3.gif [33m404 [0m1.447 ms - 1037[0m
[0mGET /cgi-bin/php [33m404 [0m1.630 ms - 1037[0m
ID 20787
[0mGET / [32m200 [0m2.798 ms - 626[0m
[0mGET /cgi-bin/bash [33m404 [0m1.330 ms - 1037[0m
[0mGET /cgi-bin/contact.cgi [33m404 [0m2.525 ms - 1037[0m
[0mGET /cgi-bin/defaultwebpage.cgi [33m404 [0m1.040 ms - 1037[0m
[0mGET /cgi-bin/env.cgi [33m404 [0m1.188 ms - 1037[0m
[0mGET /cgi-bin/fire.cgi [33m404 [0m1.088 ms - 1037[0m
[0mGET /cgi-bin/forum.cgi [33m404 [0m1.730 ms - 1037[0m
[0mGET /cgi-bin/hello.cgi [33m404 [0m1.148 ms - 1037[0m
[0mGET /cgi-bin/index.cgi [33m404 [0m1.192 ms - 1037[0m
[0mGET /cgi-bin/login.cgi [33m404 [0m1.025 ms - 1037[0m
[0mGET /cgi-bin/main.cgi [33m404 [0m1.259 ms - 1037[0m
[0mGET /cgi-bin/meme.cgi [33m404 [0m1.077 ms - 1037[0m
[0mGET /cgi-bin/php4 [33m404 [0m1.112 ms - 1037[0m
[0mGET /cgi-bin/php5 [33m404 [0m2.595 ms - 1037[0m
[0mGET /cgi-bin/php5-cli [33m404 [0m2.160 ms - 1037[0m
[0mGET /cgi-bin/recent.cgi [33m404 [0m1.035 ms - 1037[0m
[0mGET /cgi-bin/sat-ir-web.pl [33m404 [0m1.862 ms - 1037[0m
[0mGET /cgi-bin-sdb/printenv [33m404 [0m1.674 ms - 1037[0m
[0mGET /cgi-bin/test-cgi [33m404 [0m1.055 ms - 1037[0m
[0mGET /cgi-bin/test.cgi [33m404 [0m1.228 ms - 1037[0m
[0mGET /cgi-bin/test-cgi.pl [33m404 [0m1.136 ms - 1037[0m
[0mGET /cgi-bin/test.sh [33m404 [0m1.008 ms - 1037[0m
[0mGET /cgi-bin/tools/tools.pl [33m404 [0m1.683 ms - 1037[0m
[0mGET /cgi-mod/index.cgi [33m404 [0m0.989 ms - 1037[0m
[0mGET /cgi-sys/defaultwebpage.cgi [33m404 [0m1.252 ms - 1037[0m
[0mGET /cgi-sys/entropysearch.cgi [33m404 [0m1.485 ms - 1037[0m
[0mGET /cgi-sys/php5 [33m404 [0m1.532 ms - 1037[0m
[0mGET /phppath/cgi_wrapper [33m404 [0m1.094 ms - 1037[0m
[0mGET /phppath/php [33m404 [0m1.426 ms - 1037[0m
[0mGET /rom-0 [33m404 [0m2.528 ms - 1037[0m
[0mGET /cgi-bin/php [33m404 [0m1.023 ms - 1037[0m
ID 20787
[0mGET / [32m200 [0m1.093 ms - 626[0m
[0mGET /cgi-bin/bash [33m404 [0m0.990 ms - 1037[0m
[0mGET /cgi-bin/contact.cgi [33m404 [0m1.881 ms - 1037[0m
[0mGET /cgi-bin/defaultwebpage.cgi [33m404 [0m1.167 ms - 1037[0m
[0mGET /cgi-bin/env.cgi [33m404 [0m1.044 ms - 1037[0m
[0mGET /cgi-bin/fire.cgi [33m404 [0m0.961 ms - 1037[0m
[0mGET /cgi-bin/forum.cgi [33m404 [0m1.642 ms - 1037[0m
[0mGET /cgi-bin/hello.cgi [33m404 [0m2.522 ms - 1037[0m
[0mGET /cgi-bin/index.cgi [33m404 [0m1.105 ms - 1037[0m
[0mGET /cgi-bin/login.cgi [33m404 [0m1.711 ms - 1037[0m
[0mGET /cgi-bin/main.cgi [33m404 [0m1.119 ms - 1037[0m
[0mGET /cgi-bin/meme.cgi [33m404 [0m1.891 ms - 1037[0m
[0mGET /cgi-bin/php4 [33m404 [0m1.129 ms - 1037[0m
[0mGET /cgi-bin/php5 [33m404 [0m1.051 ms - 1037[0m
[0mGET /cgi-bin/php5-cli [33m404 [0m1.068 ms - 1037[0m
[0mGET /cgi-bin/recent.cgi [33m404 [0m1.951 ms - 1037[0m
[0mGET /cgi-bin/sat-ir-web.pl [33m404 [0m1.172 ms - 1037[0m
[0mGET /cgi-bin-sdb/printenv [33m404 [0m1.075 ms - 1037[0m
[0mGET /cgi-bin/test-cgi [33m404 [0m1.032 ms - 1037[0m
[0mGET /cgi-bin/test.cgi [33m404 [0m1.407 ms - 1037[0m
[0mGET /cgi-bin/test-cgi.pl [33m404 [0m1.840 ms - 1037[0m
[0mGET /cgi-bin/test.sh [33m404 [0m1.374 ms - 1037[0m
[0mGET /cgi-bin/tools/tools.pl [33m404 [0m1.099 ms - 1037[0m
[0mGET /cgi-mod/index.cgi [33m404 [0m2.034 ms - 1037[0m
[0mGET /cgi-sys/defaultwebpage.cgi [33m404 [0m1.652 ms - 1037[0m
[0mGET /cgi-sys/entropysearch.cgi [33m404 [0m3.034 ms - 1037[0m
[0mGET /cgi-sys/php5 [33m404 [0m1.183 ms - 1037[0m
[0mGET /phppath/cgi_wrapper [33m404 [0m2.575 ms - 1037[0m
[0mGET /phppath/php [33m404 [0m7.137 ms - 1037[0m
[0mGET /cgi-bin/php [33m404 [0m2.209 ms - 1037[0m
ID 20787
[0mGET / [32m200 [0m0.837 ms - 626[0m
[0mGET /cgi-bin/bash [33m404 [0m1.433 ms - 1037[0m
[0mGET /cgi-bin/contact.cgi [33m404 [0m1.825 ms - 1037[0m
[0mGET /cgi-bin/defaultwebpage.cgi [33m404 [0m1.256 ms - 1037[0m
[0mGET /cgi-bin/env.cgi [33m404 [0m1.328 ms - 1037[0m
[0mGET /cgi-bin/fire.cgi [33m404 [0m1.351 ms - 1037[0m
[0mGET /cgi-bin/forum.cgi [33m404 [0m1.176 ms - 1037[0m
[0mGET /cgi-bin/hello.cgi [33m404 [0m1.350 ms - 1037[0m
[0mGET /cgi-bin/index.cgi [33m404 [0m1.072 ms - 1037[0m
[0mGET /cgi-bin/login.cgi [33m404 [0m1.031 ms - 1037[0m
[0mGET /cgi-bin/main.cgi [33m404 [0m1.034 ms - 1037[0m
[0mGET /cgi-bin/meme.cgi [33m404 [0m1.035 ms - 1037[0m
[0mGET /cgi-bin/php4 [33m404 [0m1.240 ms - 1037[0m
[0mGET /cgi-bin/php5 [33m404 [0m1.144 ms - 1037[0m
[0mGET /cgi-bin/php5-cli [33m404 [0m1.889 ms - 1037[0m
[0mGET /cgi-bin/recent.cgi [33m404 [0m1.019 ms - 1037[0m
[0mGET /cgi-bin/sat-ir-web.pl [33m404 [0m1.086 ms - 1037[0m
[0mGET /cgi-bin-sdb/printenv [33m404 [0m3.230 ms - 1037[0m
[0mGET /cgi-bin/test-cgi [33m404 [0m1.043 ms - 1037[0m
[0mGET /cgi-bin/test.cgi [33m404 [0m1.186 ms - 1037[0m
[0mGET /cgi-bin/test-cgi.pl [33m404 [0m1.310 ms - 1037[0m
[0mGET /cgi-bin/test.sh [33m404 [0m1.241 ms - 1037[0m
[0mGET /cgi-bin/tools/tools.pl [33m404 [0m1.014 ms - 1037[0m
[0mGET /cgi-mod/index.cgi [33m404 [0m1.258 ms - 1037[0m
[0mGET /cgi-sys/defaultwebpage.cgi [33m404 [0m1.413 ms - 1037[0m
[0mGET /cgi-sys/entropysearch.cgi [33m404 [0m1.166 ms - 1037[0m
[0mGET /cgi-sys/php5 [33m404 [0m1.385 ms - 1037[0m
[0mGET /phppath/cgi_wrapper [33m404 [0m1.330 ms - 1037[0m
[0mGET /phppath/php [33m404 [0m1.413 ms - 1037[0m
ID 20790
[0mGET / [32m200 [0m1.057 ms - 626[0m
ID 20790
[0mGET / [32m200 [0m1.091 ms - 626[0m
[0mGET /cgi-bin/php [33m404 [0m2.057 ms - 1037[0m
ID 20787
[0mGET / [32m200 [0m0.802 ms - 626[0m
[0mGET /cgi-bin/bash [33m404 [0m0.997 ms - 1037[0m
[0mGET /cgi-bin/contact.cgi [33m404 [0m2.359 ms - 1037[0m
[0mGET /cgi-bin/defaultwebpage.cgi [33m404 [0m0.869 ms - 1037[0m
[0mGET /cgi-bin/env.cgi [33m404 [0m0.881 ms - 1037[0m
[0mGET /cgi-bin/fire.cgi [33m404 [0m0.863 ms - 1037[0m
[0mGET /cgi-bin/forum.cgi [33m404 [0m1.480 ms - 1037[0m
[0mGET /cgi-bin/hello.cgi [33m404 [0m0.918 ms - 1037[0m
[0mGET /cgi-bin/index.cgi [33m404 [0m1.911 ms - 1037[0m
[0mGET /cgi-bin/login.cgi [33m404 [0m0.926 ms - 1037[0m
[0mGET /cgi-bin/main.cgi [33m404 [0m0.815 ms - 1037[0m
[0mGET /cgi-bin/meme.cgi [33m404 [0m1.681 ms - 1037[0m
[0mGET /cgi-bin/php4 [33m404 [0m0.874 ms - 1037[0m
[0mGET /cgi-bin/php5 [33m404 [0m2.839 ms - 1037[0m
[0mGET /cgi-bin/php5-cli [33m404 [0m1.713 ms - 1037[0m
[0mGET /cgi-bin/recent.cgi [33m404 [0m3.000 ms - 1037[0m
[0mGET /cgi-bin/sat-ir-web.pl [33m404 [0m1.392 ms - 1037[0m
[0mGET /cgi-bin-sdb/printenv [33m404 [0m1.559 ms - 1037[0m
[0mGET /cgi-bin/test-cgi [33m404 [0m1.188 ms - 1037[0m
[0mGET /cgi-bin/test.cgi [33m404 [0m1.536 ms - 1037[0m
[0mGET /cgi-bin/test-cgi.pl [33m404 [0m1.102 ms - 1037[0m
[0mGET /cgi-bin/test.sh [33m404 [0m1.664 ms - 1037[0m
[0mGET /cgi-bin/tools/tools.pl [33m404 [0m1.802 ms - 1037[0m
[0mGET /cgi-mod/index.cgi [33m404 [0m1.525 ms - 1037[0m
[0mGET /cgi-sys/defaultwebpage.cgi [33m404 [0m1.640 ms - 1037[0m
[0mGET /cgi-sys/entropysearch.cgi [33m404 [0m1.685 ms - 1037[0m
[0mGET /cgi-sys/php5 [33m404 [0m1.197 ms - 1037[0m
[0mGET /phppath/cgi_wrapper [33m404 [0m0.999 ms - 1037[0m
[0mGET /phppath/php [33m404 [0m1.311 ms - 1037[0m
ID 20790
[0mGET / [32m200 [0m0.874 ms - 626[0m
[0mGET /favicon.ico [33m404 [0m1.485 ms - 1037[0m
[0mGET /cgi-bin/php [33m404 [0m1.245 ms - 1037[0m
ID 20790
[0mGET / [32m200 [0m1.733 ms - 626[0m
[0mGET /cgi-bin/bash [33m404 [0m2.400 ms - 1037[0m
[0mGET /cgi-bin/contact.cgi [33m404 [0m2.122 ms - 1037[0m
[0mGET /cgi-bin/defaultwebpage.cgi [33m404 [0m1.474 ms - 1037[0m
[0mGET /cgi-bin/env.cgi [33m404 [0m1.311 ms - 1037[0m
[0mGET /cgi-bin/fire.cgi [33m404 [0m1.329 ms - 1037[0m
[0mGET /cgi-bin/forum.cgi [33m404 [0m1.433 ms - 1037[0m
[0mGET /cgi-bin/hello.cgi [33m404 [0m1.184 ms - 1037[0m
[0mGET /cgi-bin/index.cgi [33m404 [0m1.385 ms - 1037[0m
[0mGET /cgi-bin/login.cgi [33m404 [0m1.996 ms - 1037[0m
[0mGET /cgi-bin/main.cgi [33m404 [0m1.444 ms - 1037[0m
[0mGET /cgi-bin/meme.cgi [33m404 [0m2.723 ms - 1037[0m
[0mGET /cgi-bin/php4 [33m404 [0m1.304 ms - 1037[0m
[0mGET /cgi-bin/php5 [33m404 [0m1.303 ms - 1037[0m
[0mGET /cgi-bin/php5-cli [33m404 [0m1.808 ms - 1037[0m
[0mGET /cgi-bin/recent.cgi [33m404 [0m1.468 ms - 1037[0m
[0mGET /cgi-bin/sat-ir-web.pl [33m404 [0m2.133 ms - 1037[0m
[0mGET /cgi-bin-sdb/printenv [33m404 [0m1.457 ms - 1037[0m
[0mGET /cgi-bin/test-cgi [33m404 [0m1.259 ms - 1037[0m
[0mGET /cgi-bin/test.cgi [33m404 [0m2.277 ms - 1037[0m
[0mGET /cgi-bin/test-cgi.pl [33m404 [0m1.082 ms - 1037[0m
[0mGET /cgi-bin/test.sh [33m404 [0m1.334 ms - 1037[0m
[0mGET /cgi-bin/tools/tools.pl [33m404 [0m1.171 ms - 1037[0m
[0mGET /cgi-mod/index.cgi [33m404 [0m1.582 ms - 1037[0m
[0mGET /cgi-sys/defaultwebpage.cgi [33m404 [0m1.256 ms - 1037[0m
[0mGET /cgi-sys/entropysearch.cgi [33m404 [0m1.406 ms - 1037[0m
[0mGET /cgi-sys/php5 [33m404 [0m1.609 ms - 1037[0m
[0mGET /phppath/cgi_wrapper [33m404 [0m3.402 ms - 1037[0m
[0mGET /phppath/php [33m404 [0m1.274 ms - 1037[0m
[0mGET /cgi-bin/php [33m404 [0m2.299 ms - 1037[0m
ID 20787
[0mGET / [32m200 [0m1.751 ms - 626[0m
[0mGET /cgi-bin/bash [33m404 [0m1.324 ms - 1037[0m
[0mGET /cgi-bin/contact.cgi [33m404 [0m1.082 ms - 1037[0m
[0mGET /cgi-bin/defaultwebpage.cgi [33m404 [0m1.018 ms - 1037[0m
[0mGET /cgi-bin/env.cgi [33m404 [0m2.309 ms - 1037[0m
[0mGET /cgi-bin/fire.cgi [33m404 [0m1.406 ms - 1037[0m
[0mGET /cgi-bin/forum.cgi [33m404 [0m1.302 ms - 1037[0m
[0mGET /cgi-bin/hello.cgi [33m404 [0m1.717 ms - 1037[0m
[0mGET /cgi-bin/index.cgi [33m404 [0m1.049 ms - 1037[0m
[0mGET /cgi-bin/login.cgi [33m404 [0m1.373 ms - 1037[0m
[0mGET /cgi-bin/main.cgi [33m404 [0m1.172 ms - 1037[0m
[0mGET /cgi-bin/meme.cgi [33m404 [0m2.852 ms - 1037[0m
[0mGET /cgi-bin/php4 [33m404 [0m2.317 ms - 1037[0m
[0mGET /cgi-bin/php5 [33m404 [0m1.293 ms - 1037[0m
[0mGET /cgi-bin/php5-cli [33m404 [0m1.466 ms - 1037[0m
[0mGET /cgi-bin/recent.cgi [33m404 [0m1.015 ms - 1037[0m
[0mGET /cgi-bin/sat-ir-web.pl [33m404 [0m2.532 ms - 1037[0m
[0mGET /cgi-bin-sdb/printenv [33m404 [0m1.315 ms - 1037[0m
[0mGET /cgi-bin/test-cgi [33m404 [0m1.224 ms - 1037[0m
[0mGET /cgi-bin/test.cgi [33m404 [0m1.517 ms - 1037[0m
[0mGET /cgi-bin/test-cgi.pl [33m404 [0m1.351 ms - 1037[0m
[0mGET /cgi-bin/test.sh [33m404 [0m1.330 ms - 1037[0m
[0mGET /cgi-bin/tools/tools.pl [33m404 [0m1.269 ms - 1037[0m
[0mGET /cgi-mod/index.cgi [33m404 [0m1.808 ms - 1037[0m
[0mGET /cgi-sys/defaultwebpage.cgi [33m404 [0m1.160 ms - 1037[0m
[0mGET /cgi-sys/entropysearch.cgi [33m404 [0m1.718 ms - 1037[0m
[0mGET /cgi-sys/php5 [33m404 [0m1.480 ms - 1037[0m
[0mGET /phppath/cgi_wrapper [33m404 [0m2.128 ms - 1037[0m
[0mGET /phppath/php [33m404 [0m1.815 ms - 1037[0m
[0mGET /cgi-bin/php [33m404 [0m2.075 ms - 1037[0m
ID 20787
[0mGET / [32m200 [0m0.986 ms - 626[0m
[0mGET /cgi-bin/bash [33m404 [0m1.217 ms - 1037[0m
[0mGET /cgi-bin/contact.cgi [33m404 [0m1.405 ms - 1037[0m
[0mGET /cgi-bin/defaultwebpage.cgi [33m404 [0m1.547 ms - 1037[0m
[0mGET /cgi-bin/env.cgi [33m404 [0m1.405 ms - 1037[0m
[0mGET /cgi-bin/fire.cgi [33m404 [0m1.485 ms - 1037[0m
[0mGET /cgi-bin/forum.cgi [33m404 [0m1.247 ms - 1037[0m
[0mGET /cgi-bin/hello.cgi [33m404 [0m2.315 ms - 1037[0m
[0mGET /cgi-bin/index.cgi [33m404 [0m1.443 ms - 1037[0m
[0mGET /cgi-bin/login.cgi [33m404 [0m1.581 ms - 1037[0m
[0mGET /cgi-bin/main.cgi [33m404 [0m1.464 ms - 1037[0m
[0mGET /cgi-bin/meme.cgi [33m404 [0m1.903 ms - 1037[0m
[0mGET /cgi-bin/php4 [33m404 [0m1.430 ms - 1037[0m
[0mGET /cgi-bin/php5 [33m404 [0m1.195 ms - 1037[0m
[0mGET /cgi-bin/php5-cli [33m404 [0m2.505 ms - 1037[0m
[0mGET /cgi-bin/recent.cgi [33m404 [0m1.625 ms - 1037[0m
[0mGET /cgi-bin/sat-ir-web.pl [33m404 [0m1.292 ms - 1037[0m
[0mGET /cgi-bin-sdb/printenv [33m404 [0m2.379 ms - 1037[0m
[0mGET /cgi-bin/test-cgi [33m404 [0m1.505 ms - 1037[0m
[0mGET /cgi-bin/test.cgi [33m404 [0m1.103 ms - 1037[0m
[0mGET /cgi-bin/test-cgi.pl [33m404 [0m1.253 ms - 1037[0m
[0mGET /cgi-bin/test.sh [33m404 [0m1.786 ms - 1037[0m
[0mGET /cgi-bin/tools/tools.pl [33m404 [0m1.906 ms - 1037[0m
[0mGET /cgi-mod/index.cgi [33m404 [0m1.345 ms - 1037[0m
[0mGET /cgi-sys/defaultwebpage.cgi [33m404 [0m1.811 ms - 1037[0m
[0mGET /cgi-sys/entropysearch.cgi [33m404 [0m1.718 ms - 1037[0m
[0mGET /cgi-sys/php5 [33m404 [0m1.818 ms - 1037[0m
[0mGET /phppath/cgi_wrapper [33m404 [0m1.688 ms - 1037[0m
[0mGET /phppath/php [33m404 [0m1.581 ms - 1037[0m
[0mGET /cgi-bin/php [33m404 [0m1.469 ms - 1037[0m
ID 20787
[0mGET / [32m200 [0m1.297 ms - 626[0m
[0mGET /cgi-bin/bash [33m404 [0m1.064 ms - 1037[0m
[0mGET /cgi-bin/contact.cgi [33m404 [0m1.561 ms - 1037[0m
[0mGET /cgi-bin/defaultwebpage.cgi [33m404 [0m1.387 ms - 1037[0m
[0mGET /cgi-bin/env.cgi [33m404 [0m1.335 ms - 1037[0m
[0mGET /cgi-bin/fire.cgi [33m404 [0m1.401 ms - 1037[0m
[0mGET /cgi-bin/forum.cgi [33m404 [0m1.228 ms - 1037[0m
[0mGET /cgi-bin/hello.cgi [33m404 [0m1.222 ms - 1037[0m
[0mGET /cgi-bin/index.cgi [33m404 [0m2.085 ms - 1037[0m
[0mGET /cgi-bin/main.cgi [33m404 [0m1.286 ms - 1037[0m
[0mGET /cgi-bin/meme.cgi [33m404 [0m1.438 ms - 1037[0m
[0mGET /cgi-bin/php4 [33m404 [0m1.443 ms - 1037[0m
[0mGET /cgi-bin/php5 [33m404 [0m1.473 ms - 1037[0m
[0mGET /cgi-bin/php5-cli [33m404 [0m1.119 ms - 1037[0m
[0mGET /cgi-bin/recent.cgi [33m404 [0m1.314 ms - 1037[0m
[0mGET /cgi-bin/sat-ir-web.pl [33m404 [0m1.343 ms - 1037[0m
[0mGET /cgi-bin-sdb/printenv [33m404 [0m1.423 ms - 1037[0m
[0mGET /cgi-bin/test-cgi [33m404 [0m1.219 ms - 1037[0m
[0mGET /cgi-bin/test.cgi [33m404 [0m1.195 ms - 1037[0m
[0mGET /cgi-bin/test-cgi.pl [33m404 [0m1.388 ms - 1037[0m
[0mGET /cgi-bin/test.sh [33m404 [0m1.076 ms - 1037[0m
[0mGET /cgi-bin/tools/tools.pl [33m404 [0m1.389 ms - 1037[0m
[0mGET /cgi-mod/index.cgi [33m404 [0m1.514 ms - 1037[0m
[0mGET /cgi-sys/defaultwebpage.cgi [33m404 [0m1.219 ms - 1037[0m
[0mGET /cgi-sys/entropysearch.cgi [33m404 [0m1.419 ms - 1037[0m
[0mGET /cgi-sys/php5 [33m404 [0m1.212 ms - 1037[0m
[0mGET /phppath/cgi_wrapper [33m404 [0m1.210 ms - 1037[0m
[0mGET /phppath/php [33m404 [0m1.380 ms - 1037[0m
ID 20790
[0mGET http://24x7-allrequestsallowed.com/?PHPSESSID=a77ad01b00143TPMUHWFB%5CEPV [32m200 [0m1.431 ms - 626[0m
[0mGET /cgi-bin/php [33m404 [0m1.435 ms - 1037[0m
ID 20787
[0mGET / [32m200 [0m0.826 ms - 626[0m
[0mGET /cgi-bin/bash [33m404 [0m0.956 ms - 1037[0m
[0mGET /cgi-bin/contact.cgi [33m404 [0m1.313 ms - 1037[0m
[0mGET /cgi-bin/defaultwebpage.cgi [33m404 [0m1.216 ms - 1037[0m
[0mGET /cgi-bin/env.cgi [33m404 [0m1.347 ms - 1037[0m
[0mGET /cgi-bin/fire.cgi [33m404 [0m1.856 ms - 1037[0m
[0mGET /cgi-bin/forum.cgi [33m404 [0m1.583 ms - 1037[0m
[0mGET /cgi-bin/hello.cgi [33m404 [0m1.403 ms - 1037[0m
[0mGET /cgi-bin/index.cgi [33m404 [0m1.487 ms - 1037[0m
[0mGET /cgi-bin/login.cgi [33m404 [0m1.369 ms - 1037[0m
[0mGET /cgi-bin/main.cgi [33m404 [0m1.326 ms - 1037[0m
[0mGET /cgi-bin/meme.cgi [33m404 [0m1.170 ms - 1037[0m
[0mGET /cgi-bin/php4 [33m404 [0m1.628 ms - 1037[0m
[0mGET /cgi-bin/php5 [33m404 [0m1.610 ms - 1037[0m
[0mGET /cgi-bin/php5-cli [33m404 [0m1.347 ms - 1037[0m
[0mGET /cgi-bin/recent.cgi [33m404 [0m2.117 ms - 1037[0m
[0mGET /cgi-bin/sat-ir-web.pl [33m404 [0m1.529 ms - 1037[0m
[0mGET /cgi-bin-sdb/printenv [33m404 [0m1.245 ms - 1037[0m
[0mGET /cgi-bin/test-cgi [33m404 [0m1.492 ms - 1037[0m
[0mGET /cgi-bin/test.cgi [33m404 [0m1.384 ms - 1037[0m
[0mGET /cgi-bin/test-cgi.pl [33m404 [0m1.449 ms - 1037[0m
[0mGET /cgi-bin/test.sh [33m404 [0m1.236 ms - 1037[0m
[0mGET /cgi-bin/tools/tools.pl [33m404 [0m1.333 ms - 1037[0m
[0mGET /cgi-mod/index.cgi [33m404 [0m1.282 ms - 1037[0m
[0mGET /cgi-sys/defaultwebpage.cgi [33m404 [0m1.132 ms - 1037[0m
[0mGET /cgi-sys/entropysearch.cgi [33m404 [0m1.470 ms - 1037[0m
[0mGET /cgi-sys/php5 [33m404 [0m6.204 ms - 1037[0m
[0mGET /phppath/cgi_wrapper [33m404 [0m1.329 ms - 1037[0m
[0mGET /phppath/php [33m404 [0m1.436 ms - 1037[0m
[0mGET /cgi-bin/php [33m404 [0m1.354 ms - 1037[0m
ID 20787
[0mGET / [32m200 [0m1.134 ms - 626[0m
[0mGET /cgi-bin/bash [33m404 [0m1.180 ms - 1037[0m
[0mGET /cgi-bin/contact.cgi [33m404 [0m1.449 ms - 1037[0m
[0mGET /cgi-bin/defaultwebpage.cgi [33m404 [0m1.379 ms - 1037[0m
[0mGET /cgi-bin/env.cgi [33m404 [0m1.208 ms - 1037[0m
[0mGET /cgi-bin/fire.cgi [33m404 [0m1.098 ms - 1037[0m
[0mGET /cgi-bin/forum.cgi [33m404 [0m1.203 ms - 1037[0m
[0mGET /cgi-bin/hello.cgi [33m404 [0m1.411 ms - 1037[0m
[0mGET /cgi-bin/index.cgi [33m404 [0m1.791 ms - 1037[0m
[0mGET /cgi-bin/login.cgi [33m404 [0m1.580 ms - 1037[0m
[0mGET /cgi-bin/main.cgi [33m404 [0m1.484 ms - 1037[0m
[0mGET /cgi-bin/meme.cgi [33m404 [0m1.311 ms - 1037[0m
[0mGET /cgi-bin/php4 [33m404 [0m1.102 ms - 1037[0m
[0mGET /cgi-bin/php5 [33m404 [0m1.199 ms - 1037[0m
[0mGET /cgi-bin/php5-cli [33m404 [0m1.443 ms - 1037[0m
[0mGET /cgi-bin/recent.cgi [33m404 [0m1.211 ms - 1037[0m
[0mGET /cgi-bin/sat-ir-web.pl [33m404 [0m1.544 ms - 1037[0m
[0mGET /cgi-bin-sdb/printenv [33m404 [0m1.339 ms - 1037[0m
[0mGET /cgi-bin/test-cgi [33m404 [0m6.112 ms - 1037[0m
[0mGET /cgi-bin/test.cgi [33m404 [0m1.193 ms - 1037[0m
[0mGET /cgi-bin/test-cgi.pl [33m404 [0m1.568 ms - 1037[0m
[0mGET /cgi-bin/test.sh [33m404 [0m1.302 ms - 1037[0m
[0mGET /cgi-bin/tools/tools.pl [33m404 [0m1.346 ms - 1037[0m
[0mGET /cgi-mod/index.cgi [33m404 [0m1.037 ms - 1037[0m
[0mGET /cgi-sys/defaultwebpage.cgi [33m404 [0m1.444 ms - 1037[0m
[0mGET /cgi-sys/entropysearch.cgi [33m404 [0m9.567 ms - 1037[0m
[0mGET /cgi-sys/php5 [33m404 [0m1.099 ms - 1037[0m
[0mGET /phppath/cgi_wrapper [33m404 [0m1.364 ms - 1037[0m
[0mGET /phppath/php [33m404 [0m1.614 ms - 1037[0m
[0mGET /cgi-bin/php [33m404 [0m1.142 ms - 1037[0m
ID 20790
[0mGET / [32m200 [0m1.134 ms - 626[0m
[0mGET /cgi-bin/bash [33m404 [0m1.578 ms - 1037[0m
[0mGET /cgi-bin/contact.cgi [33m404 [0m2.185 ms - 1037[0m
[0mGET /cgi-bin/defaultwebpage.cgi [33m404 [0m1.074 ms - 1037[0m
[0mGET /cgi-bin/env.cgi [33m404 [0m1.780 ms - 1037[0m
[0mGET /cgi-bin/fire.cgi [33m404 [0m1.529 ms - 1037[0m
[0mGET /cgi-bin/forum.cgi [33m404 [0m1.114 ms - 1037[0m
[0mGET /cgi-bin/hello.cgi [33m404 [0m1.726 ms - 1037[0m
[0mGET /cgi-bin/index.cgi [33m404 [0m1.259 ms - 1037[0m
[0mGET /cgi-bin/login.cgi [33m404 [0m1.481 ms - 1037[0m
[0mGET /cgi-bin/main.cgi [33m404 [0m1.490 ms - 1037[0m
[0mGET /cgi-bin/meme.cgi [33m404 [0m1.151 ms - 1037[0m
[0mGET /cgi-bin/php4 [33m404 [0m6.430 ms - 1037[0m
[0mGET /cgi-bin/php5 [33m404 [0m1.647 ms - 1037[0m
[0mGET /cgi-bin/php5-cli [33m404 [0m1.111 ms - 1037[0m
[0mGET /cgi-bin/recent.cgi [33m404 [0m1.406 ms - 1037[0m
[0mGET /cgi-bin/sat-ir-web.pl [33m404 [0m1.840 ms - 1037[0m
[0mGET /cgi-bin-sdb/printenv [33m404 [0m1.063 ms - 1037[0m
[0mGET /cgi-bin/test-cgi [33m404 [0m1.629 ms - 1037[0m
[0mGET /cgi-bin/test.cgi [33m404 [0m1.104 ms - 1037[0m
[0mGET /cgi-bin/test-cgi.pl [33m404 [0m1.045 ms - 1037[0m
[0mGET /cgi-bin/test.sh [33m404 [0m1.146 ms - 1037[0m
[0mGET /cgi-bin/tools/tools.pl [33m404 [0m1.599 ms - 1037[0m
[0mGET /cgi-mod/index.cgi [33m404 [0m1.087 ms - 1037[0m
[0mGET /cgi-sys/defaultwebpage.cgi [33m404 [0m1.065 ms - 1037[0m
[0mGET /cgi-sys/entropysearch.cgi [33m404 [0m1.118 ms - 1037[0m
[0mGET /cgi-sys/php5 [33m404 [0m1.529 ms - 1037[0m
[0mGET /phppath/cgi_wrapper [33m404 [0m1.021 ms - 1037[0m
[0mGET /phppath/php [33m404 [0m1.154 ms - 1037[0m
ID 20790
[0mHEAD / [32m200 [0m0.956 ms - 626[0m
ID 20790
[0mHEAD / [32m200 [0m0.800 ms - 626[0m
[0mGET /cgi-bin/php [33m404 [0m1.057 ms - 1037[0m
ID 20787
[0mGET / [32m200 [0m1.329 ms - 626[0m
[0mGET /cgi-bin/bash [33m404 [0m1.028 ms - 1037[0m
[0mGET /cgi-bin/contact.cgi [33m404 [0m1.081 ms - 1037[0m
[0mGET /cgi-bin/defaultwebpage.cgi [33m404 [0m1.025 ms - 1037[0m
[0mGET /cgi-bin/env.cgi [33m404 [0m0.970 ms - 1037[0m
[0mGET /cgi-bin/fire.cgi [33m404 [0m1.026 ms - 1037[0m
[0mGET /cgi-bin/forum.cgi [33m404 [0m6.635 ms - 1037[0m
[0mGET /cgi-bin/hello.cgi [33m404 [0m0.940 ms - 1037[0m
[0mGET /cgi-bin/index.cgi [33m404 [0m1.013 ms - 1037[0m
[0mGET /cgi-bin/login.cgi [33m404 [0m0.989 ms - 1037[0m
[0mGET /cgi-bin/main.cgi [33m404 [0m0.875 ms - 1037[0m
[0mGET /cgi-bin/meme.cgi [33m404 [0m1.145 ms - 1037[0m
[0mGET /cgi-bin/php4 [33m404 [0m1.146 ms - 1037[0m
[0mGET /cgi-bin/php5 [33m404 [0m1.030 ms - 1037[0m
[0mGET /cgi-bin/php5-cli [33m404 [0m1.046 ms - 1037[0m
[0mGET /cgi-bin/recent.cgi [33m404 [0m1.116 ms - 1037[0m
[0mGET /cgi-bin/sat-ir-web.pl [33m404 [0m1.344 ms - 1037[0m
[0mGET /cgi-bin-sdb/printenv [33m404 [0m1.129 ms - 1037[0m
[0mGET /cgi-bin/test-cgi [33m404 [0m1.030 ms - 1037[0m
[0mGET /cgi-bin/test.cgi [33m404 [0m1.119 ms - 1037[0m
[0mGET /cgi-bin/test-cgi.pl [33m404 [0m1.107 ms - 1037[0m
[0mGET /cgi-bin/test.sh [33m404 [0m1.031 ms - 1037[0m
[0mGET /cgi-bin/tools/tools.pl [33m404 [0m1.618 ms - 1037[0m
[0mGET /cgi-mod/index.cgi [33m404 [0m1.028 ms - 1037[0m
[0mGET /cgi-sys/defaultwebpage.cgi [33m404 [0m1.125 ms - 1037[0m
[0mGET /cgi-sys/entropysearch.cgi [33m404 [0m0.911 ms - 1037[0m
[0mGET /cgi-sys/php5 [33m404 [0m0.976 ms - 1037[0m
[0mGET /phppath/cgi_wrapper [33m404 [0m1.014 ms - 1037[0m
[0mGET /phppath/php [33m404 [0m0.898 ms - 1037[0m
[0mGET /cgi-bin/php [33m404 [0m1.053 ms - 1037[0m
ID 20787
[0mGET / [32m200 [0m0.949 ms - 626[0m
[0mGET /cgi-bin/bash [33m404 [0m0.934 ms - 1037[0m
[0mGET /cgi-bin/contact.cgi [33m404 [0m0.902 ms - 1037[0m
[0mGET /cgi-bin/defaultwebpage.cgi [33m404 [0m0.907 ms - 1037[0m
[0mGET /cgi-bin/env.cgi [33m404 [0m1.010 ms - 1037[0m
[0mGET /cgi-bin/fire.cgi [33m404 [0m0.968 ms - 1037[0m
[0mGET /cgi-bin/forum.cgi [33m404 [0m1.086 ms - 1037[0m
[0mGET /cgi-bin/hello.cgi [33m404 [0m1.009 ms - 1037[0m
[0mGET /cgi-bin/index.cgi [33m404 [0m1.038 ms - 1037[0m
[0mGET /cgi-bin/login.cgi [33m404 [0m0.960 ms - 1037[0m
[0mGET /cgi-bin/main.cgi [33m404 [0m1.139 ms - 1037[0m
[0mGET /cgi-bin/meme.cgi [33m404 [0m1.021 ms - 1037[0m
[0mGET /cgi-bin/php4 [33m404 [0m1.075 ms - 1037[0m
[0mGET /cgi-bin/php5 [33m404 [0m0.955 ms - 1037[0m
[0mGET /cgi-bin/php5-cli [33m404 [0m0.956 ms - 1037[0m
[0mGET /cgi-bin/recent.cgi [33m404 [0m0.957 ms - 1037[0m
[0mGET /cgi-bin/sat-ir-web.pl [33m404 [0m0.938 ms - 1037[0m
[0mGET /cgi-bin-sdb/printenv [33m404 [0m1.003 ms - 1037[0m
[0mGET /cgi-bin/test-cgi [33m404 [0m0.994 ms - 1037[0m
[0mGET /cgi-bin/test.cgi [33m404 [0m0.975 ms - 1037[0m
[0mGET /cgi-bin/test-cgi.pl [33m404 [0m0.914 ms - 1037[0m
[0mGET /cgi-bin/test.sh [33m404 [0m1.410 ms - 1037[0m
[0mGET /cgi-bin/tools/tools.pl [33m404 [0m0.992 ms - 1037[0m
[0mGET /cgi-mod/index.cgi [33m404 [0m0.919 ms - 1037[0m
[0mGET /cgi-sys/defaultwebpage.cgi [33m404 [0m0.820 ms - 1037[0m
[0mGET /cgi-sys/entropysearch.cgi [33m404 [0m0.877 ms - 1037[0m
[0mGET /cgi-sys/php5 [33m404 [0m1.014 ms - 1037[0m
[0mGET /phppath/cgi_wrapper [33m404 [0m0.755 ms - 1037[0m
[0mGET /phppath/php [33m404 [0m1.580 ms - 1037[0m
[0mGET /cgi-bin/php [33m404 [0m1.177 ms - 1037[0m
ID 20787
[0mGET / [32m200 [0m1.027 ms - 626[0m
[0mGET /cgi-bin/bash [33m404 [0m1.031 ms - 1037[0m
[0mGET /cgi-bin/contact.cgi [33m404 [0m1.510 ms - 1037[0m
[0mGET /cgi-bin/defaultwebpage.cgi [33m404 [0m1.038 ms - 1037[0m
[0mGET /cgi-bin/env.cgi [33m404 [0m1.044 ms - 1037[0m
[0mGET /cgi-bin/fire.cgi [33m404 [0m1.082 ms - 1037[0m
[0mGET /cgi-bin/forum.cgi [33m404 [0m1.214 ms - 1037[0m
[0mGET /cgi-bin/hello.cgi [33m404 [0m0.994 ms - 1037[0m
[0mGET /cgi-bin/index.cgi [33m404 [0m1.667 ms - 1037[0m
[0mGET /cgi-bin/login.cgi [33m404 [0m1.054 ms - 1037[0m
[0mGET /cgi-bin/main.cgi [33m404 [0m1.265 ms - 1037[0m
[0mGET /cgi-bin/meme.cgi [33m404 [0m1.149 ms - 1037[0m
[0mGET /cgi-bin/php4 [33m404 [0m1.015 ms - 1037[0m
[0mGET /cgi-bin/php5 [33m404 [0m1.439 ms - 1037[0m
[0mGET /cgi-bin/php5-cli [33m404 [0m1.063 ms - 1037[0m
[0mGET /cgi-bin/recent.cgi [33m404 [0m0.967 ms - 1037[0m
[0mGET /cgi-bin/sat-ir-web.pl [33m404 [0m1.023 ms - 1037[0m
[0mGET /cgi-bin-sdb/printenv [33m404 [0m1.088 ms - 1037[0m
[0mGET /cgi-bin/test-cgi [33m404 [0m1.109 ms - 1037[0m
[0mGET /cgi-bin/test.cgi [33m404 [0m1.802 ms - 1037[0m
[0mGET /cgi-bin/test-cgi.pl [33m404 [0m1.059 ms - 1037[0m
[0mGET /cgi-bin/test.sh [33m404 [0m1.562 ms - 1037[0m
[0mGET /cgi-bin/tools/tools.pl [33m404 [0m1.572 ms - 1037[0m
[0mGET /cgi-mod/index.cgi [33m404 [0m1.095 ms - 1037[0m
[0mGET /cgi-sys/defaultwebpage.cgi [33m404 [0m1.059 ms - 1037[0m
[0mGET /cgi-sys/entropysearch.cgi [33m404 [0m1.067 ms - 1037[0m
[0mGET /cgi-sys/php5 [33m404 [0m1.077 ms - 1037[0m
[0mGET /phppath/cgi_wrapper [33m404 [0m1.071 ms - 1037[0m
[0mGET /phppath/php [33m404 [0m1.081 ms - 1037[0m
ID 20790
[0mHEAD / [32m200 [0m0.937 ms - 626[0m
ID 20786
[0mHEAD / [32m200 [0m1.426 ms - 626[0m
[0mGET /cgi-bin/php [33m404 [0m1.715 ms - 1037[0m
[0mGET /cgi-bin/php4 [33m404 [0m1.444 ms - 1037[0m
[0mGET /cgi-bin/php-cgi [33m404 [0m1.165 ms - 1037[0m
[0mGET /cgi-bin/%2f/admin.html [33m404 [0m1.692 ms - 1037[0m
[0mGET /dana-na/auth/url_default/welcome.cgi [33m404 [0m1.163 ms - 1037[0m
[0mGET /cgi-bin/status/status.cgi [33m404 [0m7.555 ms - 1037[0m
[0mGET /webtools/bonsai/showcheckins.cgi [33m404 [0m1.183 ms - 1037[0m
[0mGET /webtools/bonsai/cvsquery.cgi [33m404 [0m1.899 ms - 1037[0m
[0mGET /webtools/bonsai/cvslog.cgi [33m404 [0m1.440 ms - 1037[0m
[0mGET /webtools/bonsai/ccvsblame.cgi [33m404 [0m1.126 ms - 1037[0m
[0mGET /userreg.cgi [33m404 [0m1.228 ms - 1037[0m
[0mGET /submit.cgi [33m404 [0m3.418 ms - 1037[0m
[0mGET /shop/member_html.cgi [33m404 [0m1.137 ms - 1037[0m
[0mGET /setpasswd.cgi [33m404 [0m1.012 ms - 1037[0m
[0mGET /ROADS/cgi-bin/search.plHTTP/1.0 [33m404 [0m3.114 ms - 1037[0m
[0mGET /reviews/newpro.cgi [33m404 [0m1.090 ms - 1037[0m
[0mGET /redirects/redir.cgi [33m404 [0m0.968 ms - 1037[0m
[0mGET /quikstore.cgi [33m404 [0m1.022 ms - 1037[0m
[0mGET /oem_webstage/cgi-bin/oemapp_cgi [33m404 [0m1.134 ms - 1037[0m
[0mGET /ministats/admin.cgi [33m404 [0m1.182 ms - 1037[0m
[0mGET /main.cgi [33m404 [0m1.136 ms - 1037[0m
[0mGET /mailview.cgi [33m404 [0m0.933 ms - 1037[0m
[0mGET /left.cgi [33m404 [0m1.023 ms - 1037[0m
[0mGET /hitmatic/analyse.cgi [33m404 [0m1.190 ms - 1037[0m
[0mGET /Gozila.cgi [33m404 [0m0.897 ms - 1037[0m
[0mGET /ez2000/ezboard.cgi [33m404 [0m1.184 ms - 1037[0m
[0mGET /ez2000/ezadmin.cgi [33m404 [0m1.071 ms - 1037[0m
[0mGET /download.cgi [33m404 [0m1.131 ms - 1037[0m
[0mGET /dcforum/dcforum.cgi [33m404 [0m1.144 ms - 1037[0m
[0mGET /dcboard.cgi [33m404 [0m1.104 ms - 1037[0m
[0mGET /csPassword.cgi [33m404 [0m1.126 ms - 1037[0m
[0mGET /cgi-sys/signup.cgi [33m404 [0m1.165 ms - 1037[0m
[0mGET /cgi-sys/realsignup.cgi [33m404 [0m1.067 ms - 1037[0m
[0mGET /cgi-sys/mchat.cgi [33m404 [0m1.131 ms - 1037[0m
[0mGET /cgi-sys/entropybanner.cgi [33m404 [0m1.252 ms - 1037[0m
[0mGET /cgi-sys/domainredirect.cgi [33m404 [0m1.061 ms - 1037[0m
[0mGET /cgi-mod/index.cgi [33m404 [0m1.128 ms - 1037[0m
[0mGET /cgi-bin/zml.cgi [33m404 [0m0.898 ms - 1037[0m
[0mGET /cgi-bin/wrap.cgi [33m404 [0m1.420 ms - 1037[0m
[0mGET /cgi-bin/whois.cgi [33m404 [0m1.228 ms - 1037[0m
[0mGET /cgi-bin/webmap.cgi [33m404 [0m1.140 ms - 1037[0m
[0mGET /cgi-bin/webcart/webcart.cgi [33m404 [0m1.164 ms - 1037[0m
[0mGET /cgi-bin/way-board.cgi [33m404 [0m1.070 ms - 1037[0m
[0mGET /cgi-bin/w3mman2html.cgi [33m404 [0m0.923 ms - 1037[0m
[0mGET /cgi-bin/viewcvs.cgi [33m404 [0m1.402 ms - 1037[0m
[0mGET /cgi-bin/upload.cgi [33m404 [0m1.061 ms - 1037[0m
[0mGET /cgi-bin/traffic.cgi [33m404 [0m1.196 ms - 1037[0m
[0mGET /cgi-bin/title.cgi [33m404 [0m1.564 ms - 1037[0m
[0mGET /cgi-bin/tigvote.cgi [33m404 [0m1.038 ms - 1037[0m
[0mGET /cgi-bin/tidfinder.cgi [33m404 [0m0.938 ms - 1037[0m
[0mGET /cgi-bin/testing_whateverHTTP/1.0 [33m404 [0m0.991 ms - 1037[0m
[0mGET /cgi-bin/test2.plHTTP/1.0 [33m404 [0m1.011 ms - 1037[0m
[0mGET /cgi-bin/talkback.cgi [33m404 [0m2.233 ms - 1037[0m
[0mGET /cgi-bin/store/index.cgi [33m404 [0m3.985 ms - 1037[0m
[0mGET /cgi-bin/store/agora.cgi [33m404 [0m1.059 ms - 1037[0m
[0mGET /cgi-bin/snorkerz.batHTTP/1.0 [33m404 [0m1.062 ms - 1037[0m
[0mGET /cgi-bin/simplestguest.cgi [33m404 [0m1.085 ms - 1037[0m
[0mGET /cgi-bin/sendform.cgi [33m404 [0m1.192 ms - 1037[0m
[0mGET /cgi-bin/search/search.cgi [33m404 [0m5.474 ms - 1037[0m
[0mGET /cgi-bin/searchHTTP/1.0 [33m404 [0m1.070 ms - 1037[0m
[0mGET /cgi-bin/robadmin.cgi [33m404 [0m1.065 ms - 1037[0m
[0mGET /cgi-bin/responder.cgi [33m404 [0m1.061 ms - 1037[0m
[0mGET /cgi-bin/replicator/webpage.cgi/HTTP/1.0 [33m404 [0m0.998 ms - 1037[0m
[0mGET /cgi-bin/register.cgi [33m404 [0m0.939 ms - 1037[0m
[0mGET /cgi-bin/r.cgi [33m404 [0m1.172 ms - 1037[0m
[0mGET /cgi-bin/quickstore.cgi [33m404 [0m1.044 ms - 1037[0m
[0mGET /cgi-bin/postcards.cgi [33m404 [0m1.199 ms - 1037[0m
[0mGET /cgi-bin/photo/protected/manage.cgi [33m404 [0m1.134 ms - 1037[0m
[0mGET /cgi-bin/photo/manage.cgi [33m404 [0m4.402 ms - 1037[0m
[0mGET /cgi-bin/phf.cgi [33m404 [0m1.086 ms - 1037[0m
[0mGET /cgi-bin/pbcgi.cgi [33m404 [0m1.103 ms - 1037[0m
[0mGET /cgi-bin/pagelog.cgi [33m404 [0m1.094 ms - 1037[0m
[0mGET /cgi-bin/nph-emumail.cgi [33m404 [0m1.175 ms - 1037[0m
[0mGET /cgi-bin/newsdesk.cgi [33m404 [0m1.160 ms - 1037[0m
[0mGET /cgi-bin/netpad.cgi [33m404 [0m1.025 ms - 1037[0m
[0mGET /cgi-bin/myguestbook.cgi [33m404 [0m1.073 ms - 1037[0m
[0mGET /cgi-bin/musicqueue.cgi [33m404 [0m0.978 ms - 1037[0m
[0mGET /cgi-bin/mrtg.cgi [33m404 [0m1.068 ms - 1037[0m
[0mGET /cgi-bin/mmstdod.cgi [33m404 [0m1.127 ms - 1037[0m
[0mGET /cgi-bin/lookwho.cgi [33m404 [0m1.087 ms - 1037[0m
[0mGET /cgi-bin/login.cgi [33m404 [0m1.697 ms - 1037[0m
[0mGET /cgi-bin/journal.cgi [33m404 [0m1.253 ms - 1037[0m
[0mGET /cgi-bin/infosrch.cgi [33m404 [0m2.056 ms - 1037[0m
[0mGET /cgi-bin/ikonboard/help.cgi [33m404 [0m1.146 ms - 1037[0m
[0mGET /cgi-bin/icatHTTP/1.0 [33m404 [0m1.009 ms - 1037[0m
[0mGET /cgi-bin/htsearch.cgi [33m404 [0m1.326 ms - 1037[0m
[0mGET /cgi-bin/html2wml.cgi [33m404 [0m1.105 ms - 1037[0m
[0mGET /cgi-bin/handler/netsonarHTTP/1.0 [33m404 [0m2.998 ms - 1037[0m
[0mGET /cgi-bin/handler.cgi [33m404 [0m1.219 ms - 1037[0m
[0mGET /cgi-bin/guestbook.cgi [33m404 [0m0.990 ms - 1037[0m
[0mGET /cgi-bin/gbadmin.cgi [33m404 [0m1.062 ms - 1037[0m
[0mGET /cgi-bin/FormMail.cgi [33m404 [0m1.212 ms - 1037[0m
[0mGET /cgi-bin/FormHandler.cgi [33m404 [0m0.934 ms - 1037[0m
[0mGET /cgi-bin/flexform.cgi [33m404 [0m1.033 ms - 1037[0m
[0mGET /cgi-bin/FileSeek.cgi [33m404 [0m1.035 ms - 1037[0m
[0mGET /cgi-bin/ezboard.cgi [33m404 [0m1.111 ms - 1037[0m
[0mGET /cgi-bin/emumail/emumail.cgi [33m404 [0m1.158 ms - 1037[0m
[0mGET /cgi-bin/cvsquery.cgi [33m404 [0m1.120 ms - 1037[0m
[0mGET /cgi-bin/csv_db.cgi [33m404 [0m1.092 ms - 1037[0m
[0mGET /cgi-bin/csPassword/csPassword.cgi [33m404 [0m1.220 ms - 1037[0m
[0mGET /cgi-bin/csPassword.cgi [33m404 [0m0.965 ms - 1037[0m
[0mGET /cgi-bin/csNewsPro.cgi [33m404 [0m1.155 ms - 1037[0m
[0mGET /cgi-bin/csNews.cgi [33m404 [0m1.065 ms - 1037[0m
[0mGET /cgi-bin/Count.cgi [33m404 [0m1.034 ms - 1037[0m
[0mGET /cgi-bin/compatible.cgi [33m404 [0m1.520 ms - 1037[0m
[0mGET /cgi-bin/common/listrec.plHTTP/1.0 [33m404 [0m0.973 ms - 1037[0m
[0mGET /cgi-bin/commerce.cgi [33m404 [0m1.292 ms - 1037[0m
[0mGET /cgi-bin/classifieds/index.cgi [33m404 [0m1.148 ms - 1037[0m
[0mGET /cgi-bin/classifieds/classifieds.cgi [33m404 [0m1.084 ms - 1037[0m
[0mGET /cgi-bin/classifieds.cgi [33m404 [0m0.950 ms - 1037[0m
[0mGET /cgi-bin/classified.cgi [33m404 [0m0.991 ms - 1037[0m
[0mGET /cgi-bin/cgforum.cgi [33m404 [0m0.983 ms - 1037[0m
[0mGET /cgi-bin/cartmanager.cgi [33m404 [0m1.362 ms - 1037[0m
[0mGET /cgi-bin/c_download.cgi [33m404 [0m1.066 ms - 1037[0m
[0mGET /cgi-bin/bslist.cgi [33m404 [0m1.107 ms - 1037[0m
[0mGET /cgi-bin/bsguest.cgi [33m404 [0m1.064 ms - 1037[0m
[0mGET /cgi-bin/book.cgi [33m404 [0m1.084 ms - 1037[0m
[0mGET /cgi-bin/bnbform.cgi [33m404 [0m1.029 ms - 1037[0m
[0mGET /cgi-bin/bb-replog.shHTTP/1.0 [33m404 [0m1.096 ms - 1037[0m
[0mGET /cgi-bin/bb-ack.shHTTP/1.0 [33m404 [0m1.050 ms - 1037[0m
[0mGET /cgi-bin/banner.cgi [33m404 [0m1.130 ms - 1037[0m
[0mGET /cgi-bin/badmin.cgi [33m404 [0m0.895 ms - 1037[0m
[0mGET /cgi-bin/ax.cgi [33m404 [0m2.113 ms - 1037[0m
[0mGET /cgi-bin/auction/auction.cgi [33m404 [0m1.127 ms - 1037[0m
[0mGET /cgi-bin/architext_query.cgi [33m404 [0m1.068 ms - 1037[0m
[0mGET /cgi-bin/AnyBoard.cgi [33m404 [0m0.977 ms - 1037[0m
[0mGET /cgi-bin/alienform.cgi [33m404 [0m0.908 ms - 1037[0m
[0mGET /cgi-bin/admin/setup.cgi [33m404 [0m1.195 ms - 1037[0m
[0mGET /cgi-bin/a1stats/a1disp4.cgi [33m404 [0m1.078 ms - 1037[0m
[0mGET /cgi-bin/a1stats/a1disp3.cgi [33m404 [0m1.058 ms - 1037[0m
[0mGET /cgi-bin/14all-1.1.cgi [33m404 [0m1.129 ms - 1037[0m
[0mGET /cgi-bin/.namazu.cgi [33m404 [0m1.059 ms - 1037[0m
[0mGET /cgi-bin/.cobalt/siteUserMod/siteUserMod.cgi [33m404 [0m1.113 ms - 1037[0m
[0mGET /catalog/index.cgi [33m404 [0m1.231 ms - 1037[0m
[0mGET /cart.cgi [33m404 [0m1.179 ms - 1037[0m
[0mGET /b2-include/b2edit.showposts.php [33m404 [0m1.096 ms - 1037[0m
[0mGET /aktivate/cgi-bin/catgy.cgi [33m404 [0m1.120 ms - 1037[0m
[0mGET /administrator.cgi [33m404 [0m1.130 ms - 1037[0m
[0mGET /_mt/mt.cgi [33m404 [0m1.095 ms - 1037[0m
ID 20789
[0mGET / [32m200 [0m2.358 ms - 626[0m
[0mGET /cgi-sys/entropysearch.cgi [33m404 [0m1.101 ms - 1037[0m
[0mGET /cgi-sys/FormMail-clone.cgi [33m404 [0m1.031 ms - 1037[0m
[0mGET /tmUnblock.cgi [33m404 [0m1.093 ms - 1037[0m
[0mGET /gitweb/gitweb.cgi [33m404 [0m1.886 ms - 1037[0m
[0mGET /cgi-bin/php4 [33m404 [0m1.050 ms - 1037[0m
[0mGET /cgi-bin/%2f/admin.html [33m404 [0m1.115 ms - 1037[0m
[0mGET /cgi-bin/admin.html [33m404 [0m0.973 ms - 1037[0m
[0mGET /cgi-bin/test-cgi [33m404 [0m1.349 ms - 1037[0m
[0mGET /cgi-bin/tree.php [33m404 [0m1.044 ms - 1037[0m
[0mGET /cgi-bin/ICuGI/EST/blast_detail.cgi [33m404 [0m1.431 ms - 1037[0m
[0mGET /cgi-bin/hello [33m404 [0m1.397 ms - 1037[0m
[0mGET /wwwboard/wwwboard.cgi [33m404 [0m1.087 ms - 1037[0m
[0mGET /webtools/bonsai/cvsqueryform.cgi [33m404 [0m1.127 ms - 1037[0m
[0mGET /webtools/bonsai/cvsquery.cgi [33m404 [0m1.059 ms - 1037[0m
[0mGET /webtools/bonsai/cvslog.cgi [33m404 [0m0.964 ms - 1037[0m
[0mGET /site_searcher.cgi [33m404 [0m1.005 ms - 1037[0m
[0mGET /SetSecurity.shmHTTP/1.0 [33m404 [0m2.039 ms - 1037[0m
[0mGET /sample04.cgi [33m404 [0m1.003 ms - 1037[0m
[0mGET /sample03.cgi [33m404 [0m1.035 ms - 1037[0m
[0mGET /sample02.cgi [33m404 [0m1.289 ms - 1037[0m
[0mGET /reviews/newpro.cgi [33m404 [0m1.151 ms - 1037[0m
[0mGET /redirects/redir.cgi [33m404 [0m1.137 ms - 1037[0m
[0mGET /quikstore.cgi [33m404 [0m20.605 ms - 1037[0m
[0mGET /quikmail/nph-emumail.cgi [33m404 [0m1.252 ms - 1037[0m
[0mGET /process_bug.cgi [33m404 [0m1.103 ms - 1037[0m
[0mGET /oem_webstage/cgi-bin/oemapp_cgi [33m404 [0m1.177 ms - 1037[0m
[0mGET /newsletter.shHTTP/1.0 [33m404 [0m1.146 ms - 1037[0m
[0mGET /newpro.cgi [33m404 [0m2.022 ms - 1037[0m
[0mGET /ncbook.cgi [33m404 [0m1.360 ms - 1037[0m
[0mGET /ministats/admin.cgi [33m404 [0m1.065 ms - 1037[0m
[0mGET /megabook/admin.cgi [33m404 [0m1.110 ms - 1037[0m
[0mGET /login.cgi [33m404 [0m1.188 ms - 1037[0m
[0mGET /infosrch.cgi [33m404 [0m1.088 ms - 1037[0m
[0mGET /info.cgi [33m404 [0m1.189 ms - 1037[0m
[0mGET /html/cgi-bin/cgicsoHTTP/1.0 [33m404 [0m1.087 ms - 1037[0m
[0mGET /hndUnblock.cgi [33m404 [0m9.711 ms - 1037[0m
[0mGET /hitmatic/analyse.cgi [33m404 [0m0.973 ms - 1037[0m
[0mGET /fcgi-bin/echo2HTTP/1.0 [33m404 [0m2.378 ms - 1037[0m
[0mGET /edittag/edittag.cgi [33m404 [0m1.030 ms - 1037[0m
[0mGET /details.cgi [33m404 [0m1.064 ms - 1037[0m
[0mGET /debug.cgi [33m404 [0m0.951 ms - 1037[0m
[0mGET /dcforum.cgi [33m404 [0m1.261 ms - 1037[0m
[0mGET /dcboard.cgi [33m404 [0m2.616 ms - 1037[0m
[0mGET /CSNews.cgi [33m404 [0m1.108 ms - 1037[0m
[0mGET /create_release.shHTTP/1.0 [33m404 [0m0.997 ms - 1037[0m
[0mGET /cp/rac/nsManager.cgi [33m404 [0m1.099 ms - 1037[0m
[0mGET /connector.cgi [33m404 [0m1.441 ms - 1037[0m
[0mGET /cgis/wwwboard/wwwboard.cgi [33m404 [0m1.174 ms - 1037[0m
[0mGET /cgi-sys/signup.cgi [33m404 [0m0.896 ms - 1037[0m
[0mGET /cgi-sys/realhelpdesk.cgi [33m404 [0m1.137 ms - 1037[0m
[0mGET /cgi-sys/entropybanner.cgi [33m404 [0m1.131 ms - 1037[0m
[0mGET /cgi-bin/YaBB/YaBB.cgi [33m404 [0m1.107 ms - 1037[0m
[0mGET /cgi-bin/wrap.cgi [33m404 [0m1.491 ms - 1037[0m
[0mGET /cgi-bin/whois/whois.cgi [33m404 [0m1.129 ms - 1037[0m
[0mGET /cgi-bin/whois.cgi [33m404 [0m1.014 ms - 1037[0m
[0mGET /cgi-bin/webspirs.cgi [33m404 [0m1.039 ms - 1037[0m
[0mGET /cgi-bin/webdist.cgi [33m404 [0m1.091 ms - 1037[0m
[0mGET /cgi-bin/virgil.cgi [33m404 [0m1.042 ms - 1037[0m
[0mGET /cgi-bin/viralator.cgi [33m404 [0m1.133 ms - 1037[0m
[0mGET /cgi-bin/viewcvs.cgi [33m404 [0m1.169 ms - 1037[0m
[0mGET /cgi-bin/urlcount.cgi [33m404 [0m1.141 ms - 1037[0m
[0mGET /cgi-bin/upload.cgi [33m404 [0m1.086 ms - 1037[0m
[0mGET /cgi-bin/ultraboard.cgi [33m404 [0m0.993 ms - 1037[0m
[0mGET /cgi-bin/ttawebtop.cgi/HTTP/1.0 [33m404 [0m1.048 ms - 1037[0m
[0mGET /cgi-bin/troops.cgi [33m404 [0m1.006 ms - 1037[0m
[0mGET /cgi-bin/traffic.cgi [33m404 [0m1.773 ms - 1037[0m
[0mGET /cgi-bin/tigvote.cgi [33m404 [0m1.038 ms - 1037[0m
[0mGET /cgi-bin/test.cgi [33m404 [0m9.811 ms - 1037[0m
[0mGET /cgi-bin/test-cgi [33m404 [0m1.107 ms - 1037[0m
[0mGET /cgi-bin/store/index.cgi [33m404 [0m1.143 ms - 1037[0m
[0mGET /cgi-bin/store/agora.cgi [33m404 [0m1.008 ms - 1037[0m
[0mGET /cgi-bin/store.cgi [33m404 [0m1.053 ms - 1037[0m
[0mGET /cgi-bin/start.cgi [33m404 [0m0.921 ms - 1037[0m
[0mGET /cgi-bin/spin_client.cgi [33m404 [0m0.905 ms - 1037[0m
[0mGET /cgi-bin/snorkerz.cmdHTTP/1.0 [33m404 [0m1.147 ms - 1037[0m
[0mGET /cgi-bin/smartsearch/smartsearch.cgi [33m404 [0m1.137 ms - 1037[0m
[0mGET /cgi-bin/simplestmail.cgi [33m404 [0m1.074 ms - 1037[0m
[0mGET /cgi-bin/simplestguest.cgi [33m404 [0m1.068 ms - 1037[0m
[0mGET /cgi-bin/shopplus.cgi [33m404 [0m1.061 ms - 1037[0m
[0mGET /cgi-bin/shopper.cgi [33m404 [0m1.229 ms - 1037[0m
[0mGET /cgi-bin/shop.cgi [33m404 [0m2.119 ms - 1037[0m
[0mGET /cgi-bin/sendform.cgi [33m404 [0m1.827 ms - 1037[0m
[0mGET /cgi-bin/search/search.cgi [33m404 [0m1.116 ms - 1037[0m
[0mGET /cgi-bin/search.cgi [33m404 [0m1.182 ms - 1037[0m
[0mGET /cgi-bin/sbcgi/sitebuilder.cgi [33m404 [0m1.308 ms - 1037[0m
[0mGET /cgi-bin/robadmin.cgi [33m404 [0m1.092 ms - 1037[0m
[0mGET /cgi-bin/quizme.cgi [33m404 [0m1.119 ms - 1037[0m
[0mGET /cgi-bin/quickstore.cgi [33m404 [0m0.936 ms - 1037[0m
[0mGET /cgi-bin/printenvHTTP/1.0 [33m404 [0m1.083 ms - 1037[0m
[0mGET /cgi-bin/powerup/r.cgi [33m404 [0m0.931 ms - 1037[0m
[0mGET /cgi-bin/pollssi.cgi [33m404 [0m1.633 ms - 1037[0m
[0mGET /cgi-bin/pollit/Poll_It_SSI_v2.0.cgi [33m404 [0m1.030 ms - 1037[0m
[0mGET /cgi-bin/php.cgi [33m404 [0m1.085 ms - 1037[0m
[0mGET /cgi-bin/photo/protected/manage.cgi [33m404 [0m1.068 ms - 1037[0m
[0mGET /cgi-bin/pfdisplay.cgi [33m404 [0m1.838 ms - 1037[0m
[0mGET /cgi-bin/newsdesk.cgi [33m404 [0m1.082 ms - 1037[0m
[0mGET /cgi-bin/netpad.cgi [33m404 [0m1.011 ms - 1037[0m
[0mGET /cgi-bin/netauth.cgi [33m404 [0m1.235 ms - 1037[0m
[0mGET /cgi-bin/mt/mt-load.cgi [33m404 [0m1.168 ms - 1037[0m
[0mGET /cgi-bin/mt/mt-check.cgi [33m404 [0m0.933 ms - 1037[0m
[0mGET /cgi-bin/mt-static/mt-load.cgi [33m404 [0m1.035 ms - 1037[0m
[0mGET /cgi-bin/mrtg.cgi [33m404 [0m1.075 ms - 1037[0m
[0mGET /cgi-bin/mojo/mojo.cgi [33m404 [0m0.950 ms - 1037[0m
[0mGET /cgi-bin/moin.cgi [33m404 [0m1.076 ms - 1037[0m
[0mGET /cgi-bin/mini_logger.cgi [33m404 [0m1.154 ms - 1037[0m
[0mGET /cgi-bin/main_menu.plHTTP/1.0 [33m404 [0m1.072 ms - 1037[0m
[0mGET /cgi-bin/main.cgi [33m404 [0m1.053 ms - 1037[0m
[0mGET /cgi-bin/mailnews.cgi [33m404 [0m1.088 ms - 1037[0m
[0mGET /cgi-bin/maillist.cgi [33m404 [0m1.013 ms - 1037[0m
[0mGET /cgi-bin/mail/nph-mr.cgi [33m404 [0m1.120 ms - 1037[0m
[0mGET /cgi-bin/mail/emumail.cgi [33m404 [0m1.055 ms - 1037[0m
[0mGET /cgi-bin/magiccard.cgi [33m404 [0m1.038 ms - 1037[0m
[0mGET /cgi-bin/MachineInfoHTTP/1.0 [33m404 [0m1.121 ms - 1037[0m
[0mGET /cgi-bin/lookwho.cgi [33m404 [0m1.078 ms - 1037[0m
[0mGET /cgi-bin/logit.cgi [33m404 [0m0.984 ms - 1037[0m
[0mGET /cgi-bin/journal.cgi [33m404 [0m1.165 ms - 1037[0m
[0mGET /cgi-bin/jammail.plHTTP/1.0 [33m404 [0m1.137 ms - 1037[0m
[0mGET /cgi-bin/infosrch.cgi [33m404 [0m0.939 ms - 1037[0m
[0mGET /cgi-bin/icatHTTP/1.0 [33m404 [0m1.214 ms - 1037[0m
[0mGET /cgi-bin/htsearch.cgi [33m404 [0m0.979 ms - 1037[0m
[0mGET /cgi-bin/html2wml.cgi [33m404 [0m1.160 ms - 1037[0m
[0mGET /cgi-bin/handlerHTTP/1.0 [33m404 [0m0.998 ms - 1037[0m
[0mGET /cgi-bin/gm.cgi [33m404 [0m1.012 ms - 1037[0m
[0mGET /cgi-bin/gm-authors.cgi [33m404 [0m1.124 ms - 1037[0m
[0mGET /cgi-bin/gH.cgi [33m404 [0m1.076 ms - 1037[0m
[0mGET /cgi-bin/getdoc.cgi [33m404 [0m0.999 ms - 1037[0m
[0mGET /cgi-bin/fom/fom.cgi [33m404 [0m1.193 ms - 1037[0m
[0mGET /cgi-bin/fom.cgi [33m404 [0m1.071 ms - 1037[0m
[0mGET /cgi-bin/finger.cgi [33m404 [0m1.157 ms - 1037[0m
[0mGET /cgi-bin/FileSeek2.cgi [33m404 [0m1.193 ms - 1037[0m
[0mGET /cgi-bin/FileSeek.cgi [33m404 [0m1.016 ms - 1037[0m
[0mGET /cgi-bin/ezshopper3/loadpage.cgi [33m404 [0m2.365 ms - 1037[0m
[0mGET /cgi-bin/ezshopper2/loadpage.cgi [33m404 [0m1.323 ms - 1037[0m
[0mGET /cgi-bin/ezshopper/search.cgi [33m404 [0m1.390 ms - 1037[0m
[0mGET /cgi-bin/ezboard.cgi [33m404 [0m1.096 ms - 1037[0m
[0mGET /cgi-bin/directorypro.cgi [33m404 [0m1.144 ms - 1037[0m
[0mGET /cgi-bin/dig.cgi [33m404 [0m1.045 ms - 1037[0m
[0mGET /cgi-bin/diagnose.cgi [33m404 [0m1.036 ms - 1037[0m
[0mGET /cgi-bin/dfire.cgi [33m404 [0m1.023 ms - 1037[0m
[0mGET /cgi-bin/dcforum.cgi [33m404 [0m1.059 ms - 1037[0m
[0mGET /cgi-bin/dbman/db.cgi [33m404 [0m0.987 ms - 1037[0m
[0mGET /cgi-bin/cvslog.cgi [33m404 [0m1.211 ms - 1037[0m
[0mGET /cgi-bin/csPassword/csPassword.cgi [33m404 [0m1.026 ms - 1037[0m
[0mGET /cgi-bin/CSMailto.cgi [33m404 [0m3.385 ms - 1037[0m
[0mGET /cgi-bin/compatible.cgi [33m404 [0m1.038 ms - 1037[0m
[0mGET /cgi-bin/classifieds.cgi [33m404 [0m1.065 ms - 1037[0m
[0mGET /cgi-bin/classified.cgi [33m404 [0m1.001 ms - 1037[0m
[0mGET /cgi-bin/cgforum.cgi [33m404 [0m1.158 ms - 1037[0m
[0mGET /cgi-bin/cbmc/forums.cgi [33m404 [0m0.997 ms - 1037[0m
[0mGET /cgi-bin/c_download.cgi [33m404 [0m1.126 ms - 1037[0m
[0mGET /cgi-bin/bsguest.cgi [33m404 [0m0.997 ms - 1037[0m
[0mGET /cgi-bin/bnbform.cgi [33m404 [0m1.140 ms - 1037[0m
[0mGET /cgi-bin/bizdb1-search.cgi [33m404 [0m1.017 ms - 1037[0m
[0mGET /cgi-bin/bigconf.cgi [33m404 [0m0.986 ms - 1037[0m
[0mGET /cgi-bin/bb-hist.shHTTP/1.0 [33m404 [0m1.169 ms - 1037[0m
[0mGET /cgi-bin/bb-ack.shHTTP/1.0 [33m404 [0m1.025 ms - 1037[0m
[0mGET /cgi-bin/bannereditor.cgi [33m404 [0m1.113 ms - 1037[0m
[0mGET /cgi-bin/badmin.cgi [33m404 [0m1.189 ms - 1037[0m
[0mGET /cgi-bin/axs.cgi [33m404 [0m1.074 ms - 1037[0m
[0mGET /cgi-bin/ax.cgi [33m404 [0m1.175 ms - 1037[0m
[0mGET /cgi-bin/auktion.cgi [33m404 [0m1.061 ms - 1037[0m
[0mGET /cgi-bin/AT-admin.cgi [33m404 [0m1.166 ms - 1037[0m
[0mGET /cgi-bin/astrocam.cgi [33m404 [0m1.161 ms - 1037[0m
[0mGET /cgi-bin/architext_query.cgi [33m404 [0m1.119 ms - 1037[0m
[0mGET /cgi-bin/AnyBoard.cgi [33m404 [0m1.134 ms - 1037[0m
[0mGET /cgi-bin/a1stats/a1disp3.cgi [33m404 [0m1.158 ms - 1037[0m
[0mGET /cgi-bin/a1disp3.cgi [33m404 [0m0.951 ms - 1037[0m
[0mGET /cgi-bin/.cobalt/siteUserMod/siteUserMod.cgi [33m404 [0m1.134 ms - 1037[0m
[0mGET /cgi-bin/.cobalt/message/message.cgi [33m404 [0m0.962 ms - 1037[0m
[0mGET /cgi-bin/.cobalt/alert/service.cgi [33m404 [0m0.969 ms - 1037[0m
[0mGET /cartcart.cgi [33m404 [0m1.148 ms - 1037[0m
[0mGET /bigconf.cgi [33m404 [0m1.015 ms - 1037[0m
[0mGET /apps/web/vs_diag.cgi [33m404 [0m1.099 ms - 1037[0m
[0mGET /agora.cgi [33m404 [0m1.163 ms - 1037[0m
[0mGET /administrator.cgi [33m404 [0m1.068 ms - 1037[0m
[0mGET /admin.cgi [33m404 [0m1.173 ms - 1037[0m
ID 20790
[0mHEAD / [32m200 [0m1.064 ms - 626[0m
ID 20790
[0mGET / [32m200 [0m1.496 ms - 626[0m
[0mGET /favicon.ico [33m404 [0m0.972 ms - 1037[0m
ID 20790
[0mHEAD / [32m200 [0m1.087 ms - 626[0m
[0mGET http://testp3.pospr.waw.pl/testproxy.php [33m404 [0m1.156 ms - 1037[0m
[0mGET /rom-0 [33m404 [0m1.179 ms - 1037[0m
[0mGET /manager/html [33m404 [0m1.099 ms - 1037[0m
[0mGET /manager/html [33m404 [0m1.023 ms - 1037[0m
[0mGET /manager/html [33m404 [0m0.990 ms - 1037[0m
[0mGET /manager/html [33m404 [0m1.149 ms - 1037[0m
[0mGET /manager/html [33m404 [0m1.162 ms - 1037[0m
[0mGET /manager/html [33m404 [0m1.081 ms - 1037[0m
[0mGET /manager/html [33m404 [0m1.980 ms - 1037[0m
[0mGET /manager/html [33m404 [0m1.175 ms - 1037[0m
[0mGET /manager/html [33m404 [0m1.791 ms - 1037[0m
[0mGET /manager/html [33m404 [0m1.150 ms - 1037[0m
[0mGET /manager/html [33m404 [0m1.021 ms - 1037[0m
[0mGET /manager/html [33m404 [0m1.115 ms - 1037[0m
[0mGET /manager/html [33m404 [0m1.119 ms - 1037[0m
[0mGET /manager/html [33m404 [0m1.072 ms - 1037[0m
[0mGET /manager/html [33m404 [0m1.081 ms - 1037[0m
[0mGET /manager/html [33m404 [0m1.147 ms - 1037[0m
[0mGET /manager/html [33m404 [0m1.342 ms - 1037[0m
[0mGET /manager/html [33m404 [0m1.339 ms - 1037[0m
[0mGET /manager/html [33m404 [0m1.149 ms - 1037[0m
[0mGET /manager/html [33m404 [0m1.067 ms - 1037[0m
[0mGET /manager/html [33m404 [0m1.107 ms - 1037[0m
[0mGET /manager/html [33m404 [0m1.089 ms - 1037[0m
[0mGET /manager/html [33m404 [0m1.113 ms - 1037[0m
[0mGET /manager/html [33m404 [0m1.146 ms - 1037[0m
[0mGET /manager/html [33m404 [0m1.034 ms - 1037[0m
[0mGET /manager/html [33m404 [0m1.114 ms - 1037[0m
[0mGET /manager/html [33m404 [0m1.115 ms - 1037[0m
[0mGET /manager/html [33m404 [0m1.107 ms - 1037[0m
[0mGET /manager/html [33m404 [0m1.151 ms - 1037[0m
[0mGET /manager/html [33m404 [0m1.110 ms - 1037[0m
[0mGET /manager/html [33m404 [0m1.068 ms - 1037[0m
[0mGET /manager/html [33m404 [0m2.311 ms - 1037[0m
[0mGET /manager/html [33m404 [0m1.159 ms - 1037[0m
[0mGET /manager/html [33m404 [0m1.140 ms - 1037[0m
[0mGET /manager/html [33m404 [0m1.181 ms - 1037[0m
[0mGET /manager/html [33m404 [0m1.250 ms - 1037[0m
[0mGET /manager/html [33m404 [0m6.183 ms - 1037[0m
[0mGET /manager/html [33m404 [0m1.167 ms - 1037[0m
[0mGET /manager/html [33m404 [0m1.016 ms - 1037[0m
[0mGET /manager/html [33m404 [0m1.063 ms - 1037[0m
[0mGET /manager/html [33m404 [0m1.379 ms - 1037[0m
ID 20790
[0mGET / [32m200 [0m1.307 ms - 626[0m
[0mGET /favicon.ico [33m404 [0m1.178 ms - 1037[0m
[0mGET /robots.txt [33m404 [0m1.161 ms - 1037[0m
ID 20786
[0mGET / [32m200 [0m1.019 ms - 626[0m
[0mGET /tmUnblock.cgi [33m404 [0m1.155 ms - 1037[0m
ID 20786
[0mGET / [32m200 [0m0.906 ms - 626[0m
ID 20790
[0mHEAD / [32m200 [0m0.879 ms - 626[0m
ID 20790
[0mHEAD / [32m200 [0m1.792 ms - 626[0m
[0mGET /w00tw00t.at.ISC.SANS.DFind:) [33m404 [0m1.156 ms - 1037[0m
[0mGET /manager/html [33m404 [0m1.051 ms - 1037[0m
[0mGET /muieblackcat [33m404 [0m1.178 ms - 1037[0m
[0mGET //phpMyAdmin/scripts/setup.php [33m404 [0m1.046 ms - 1037[0m
[0mGET //phpmyadmin/scripts/setup.php [33m404 [0m1.020 ms - 1037[0m
[0mGET //pma/scripts/setup.php [33m404 [0m1.456 ms - 1037[0m
[0mGET //PMA/scripts/setup.php [33m404 [0m0.973 ms - 1037[0m
[0mGET //myadmin/scripts/setup.php [33m404 [0m1.087 ms - 1037[0m
[0mGET /manager/html [33m404 [0m1.170 ms - 1037[0m
ID 20790
[0mGET / [32m200 [0m0.787 ms - 626[0m
[0mGET /favicon.ico [33m404 [0m1.126 ms - 1037[0m
ID 20790
[0mGET / [32m200 [0m0.879 ms - 626[0m
[0mGET /manager/html [33m404 [0m1.000 ms - 1037[0m
ID 20790
[0mGET / [32m200 [0m0.951 ms - 626[0m
ID 20790
[0mGET / [32m200 [0m0.966 ms - 626[0m
ID 20790
[0mHEAD / [32m200 [0m0.765 ms - 626[0m
[0mGET /muieblackcat [33m404 [0m1.225 ms - 1037[0m
[0mGET //phpMyAdmin/scripts/setup.php [33m404 [0m1.103 ms - 1037[0m
[0mGET //phpmyadmin/scripts/setup.php [33m404 [0m1.406 ms - 1037[0m
[0mGET //pma/scripts/setup.php [33m404 [0m1.029 ms - 1037[0m
[0mGET //myadmin/scripts/setup.php [33m404 [0m1.028 ms - 1037[0m
[0mGET //MyAdmin/scripts/setup.php [33m404 [0m1.497 ms - 1037[0m
[0mGET /rom-0 [33m404 [0m1.166 ms - 1037[0m
ID 20790
[0mGET / [32m200 [0m0.895 ms - 626[0m
ID 20790
[0mGET / [32m200 [0m0.912 ms - 626[0m
[0mGET /favicon.ico [33m404 [0m1.413 ms - 1037[0m
ID 20790
[0mGET / [32m200 [0m0.860 ms - 626[0m
ID 20790
[0mHEAD / [32m200 [0m0.864 ms - 626[0m
[0mGET /manager/html [33m404 [0m1.030 ms - 1037[0m
ID 20790
[0mGET / [32m200 [0m0.843 ms - 626[0m
[0mGET /robots.txt [33m404 [0m1.110 ms - 1037[0m
ID 20790
[0mGET / [32m200 [0m0.788 ms - 626[0m
[0mGET http://37.187.97.39/seo/proxytest.php [33m404 [0m1.061 ms - 1037[0m
ID 20790
[0mHEAD / [32m200 [0m0.860 ms - 626[0m
[0mGET /manager/html [33m404 [0m1.047 ms - 1037[0m
ID 20790
[0mGET / [32m200 [0m0.841 ms - 626[0m
[0mGET /robots.txt [33m404 [0m1.126 ms - 1037[0m
[0mGET /weather-search.html [33m404 [0m0.930 ms - 1037[0m
[0mGET /weather.html [33m404 [0m1.083 ms - 1037[0m
[0mGET /forecast.html [33m404 [0m1.150 ms - 1037[0m
[0mGET /manager/html [33m404 [0m1.132 ms - 1037[0m
[0mGET /user/ [33m404 [0m1.081 ms - 1037[0m
ID 20790
[0mGET / [32m200 [0m0.900 ms - 626[0m
ID 20790
[0mHEAD / [32m200 [0m0.970 ms - 626[0m
ID 20790
[0mGET / [32m200 [0m0.904 ms - 626[0m
ID 20790
[0mGET / [32m200 [0m0.879 ms - 626[0m
[0mGET /manager/html [33m404 [0m1.140 ms - 1037[0m
ID 20790
[0mHEAD / [32m200 [0m1.063 ms - 626[0m
[0mGET /manager/html [33m404 [0m1.164 ms - 1037[0m
[0mGET /manager/html [33m404 [0m1.375 ms - 1037[0m
[0mGET /robots.txt [33m404 [0m1.097 ms - 1037[0m
[0mGET /forecast.html [33m404 [0m0.949 ms - 1037[0m
ID 20790
[0mGET / [32m200 [0m1.109 ms - 626[0m
ID 20790
[0mGET / [32m200 [0m0.832 ms - 626[0m
[0mGET /favicon.ico [33m404 [0m1.060 ms - 1037[0m
[0mGET /rom-0 [33m404 [0m1.161 ms - 1037[0m
[0mGET /manager/html [33m404 [0m1.277 ms - 1037[0m
ID 20790
[0mGET / [32m200 [0m1.032 ms - 626[0m
ID 20790
[0mGET / [32m200 [0m1.263 ms - 626[0m
ID 20790
[0mHEAD / [32m200 [0m1.007 ms - 626[0m
[0mGET /robots.txt [33m404 [0m1.207 ms - 1037[0m
ID 20790
[0mGET / [32m200 [0m1.054 ms - 626[0m
[0mGET /javascripts/angularApp.js [32m200 [0m3.009 ms - 483[0m
[0mGET /robots.txt [33m404 [0m1.042 ms - 1037[0m
ID 20790
[0mHEAD / [32m200 [0m1.131 ms - 626[0m
ID 20790
[0mGET / [32m200 [0m1.609 ms - 626[0m
ID 20790
[0mGET / [32m200 [0m1.117 ms - 626[0m
ID 20790
[0mGET / [32m200 [0m1.013 ms - 626[0m
[0mGET /favicon.ico [33m404 [0m1.306 ms - 1037[0m
ID 20790
[0mGET / [32m200 [0m1.035 ms - 626[0m
[0mGET /HNAP1 [33m404 [0m1.227 ms - 1037[0m
[0mGET /manager/html [33m404 [0m1.384 ms - 1037[0m
ID 20790
[0mGET / [32m200 [0m1.176 ms - 626[0m
ID 20790
[0mGET / [32m200 [0m0.907 ms - 626[0m
[0mGET /robots.txt [33m404 [0m1.103 ms - 1037[0m
ID 20790
[0mHEAD / [32m200 [0m0.850 ms - 626[0m
[0mGET /tmUnblock.cgi [33m404 [0m1.528 ms - 1037[0m
ID 20786
[0mGET / [32m200 [0m0.813 ms - 626[0m
ID 20790
[0mGET / [32m200 [0m1.130 ms - 626[0m
[0mGET /favicon.ico [33m404 [0m1.082 ms - 1037[0m
[0mGET /robots.txt [33m404 [0m1.389 ms - 1037[0m
[0mGET /weather-search.html [33m404 [0m1.000 ms - 1037[0m
[0mGET /cgi-bin/test-cgi [33m404 [0m1.168 ms - 1037[0m
ID 20790
[0mGET / [32m200 [0m1.055 ms - 626[0m
[0mGET /weather.html [33m404 [0m1.520 ms - 1037[0m
[0mGET /manager/html [33m404 [0m1.308 ms - 1037[0m
[0mGET /manager/html [33m404 [0m3.069 ms - 1037[0m
[0mGET /manager/html [33m404 [0m1.514 ms - 1037[0m
[0mGET /manager/html [33m404 [0m1.049 ms - 1037[0m
[0mGET /manager/html [33m404 [0m1.163 ms - 1037[0m
[0mGET /manager/html [33m404 [0m1.144 ms - 1037[0m
[0mGET /manager/html [33m404 [0m1.223 ms - 1037[0m
[0mGET /manager/html [33m404 [0m1.148 ms - 1037[0m
[0mGET /manager/html [33m404 [0m1.425 ms - 1037[0m
[0mGET /manager/html [33m404 [0m1.030 ms - 1037[0m
[0mGET /tmUnblock.cgi [33m404 [0m1.084 ms - 1037[0m
ID 20786
[0mGET / [32m200 [0m0.872 ms - 626[0m
[0mGET /manager/html [33m404 [0m1.439 ms - 1037[0m
ID 20790
[0mHEAD / [32m200 [0m1.155 ms - 626[0m
ID 20790
[0mGET / [32m200 [0m0.994 ms - 626[0m
[0mGET /favicon.ico [33m404 [0m1.354 ms - 1037[0m
ID 20790
[0mGET / [32m200 [0m0.922 ms - 626[0m
[0mGET /javascripts/angularApp.js [32m200 [0m1.398 ms - 483[0m
[0mGET /favicon.ico [33m404 [0m1.159 ms - 1037[0m
Service ID 20790
[0mGET /pid [32m200 [0m1.106 ms - 31[0m
Service ID 20790
[0mGET /pid [36m304 [0m0.776 ms - -[0m
Service ID 20790
[0mGET /pid [36m304 [0m0.846 ms - -[0m
Service ID 20790
[0mGET /pid [36m304 [0m0.565 ms - -[0m
Service ID 20790
[0mGET /pid [36m304 [0m0.652 ms - -[0m
Service ID 20790
[0mGET /pid [36m304 [0m0.688 ms - -[0m
Service ID 20790
[0mGET /pid [36m304 [0m0.672 ms - -[0m
Service ID 20790
[0mGET /pid [36m304 [0m0.656 ms - -[0m
Service ID 20790
[0mGET /pid [36m304 [0m0.703 ms - -[0m
Service ID 20790
[0mGET /pid [36m304 [0m0.650 ms - -[0m
Service ID 20790
[0mGET /pid [36m304 [0m0.860 ms - -[0m
Service ID 20790
[0mGET /pid [36m304 [0m0.696 ms - -[0m
Service ID 20790
[0mGET /pid [36m304 [0m0.671 ms - -[0m
Service ID 20790
[0mGET /pid [36m304 [0m0.632 ms - -[0m
Service ID 20790
[0mGET /pid [36m304 [0m0.533 ms - -[0m
Service ID 20790
[0mGET /pid [36m304 [0m1.713 ms - -[0m
Service ID 20790
[0mGET /pid [36m304 [0m0.565 ms - -[0m
Service ID 20790
[0mGET /pid [36m304 [0m0.628 ms - -[0m
Service ID 20790
[0mGET /pid [36m304 [0m0.483 ms - -[0m
Service ID 20790
[0mGET /pid [36m304 [0m0.623 ms - -[0m
Service ID 20790
[0mGET /pid [36m304 [0m0.416 ms - -[0m
Service ID 20790
[0mGET /pid [36m304 [0m0.593 ms - -[0m
Service ID 20790
[0mGET /pid [36m304 [0m0.649 ms - -[0m
Service ID 20790
[0mGET /pid [36m304 [0m0.549 ms - -[0m
Service ID 20790
[0mGET /pid [36m304 [0m0.536 ms - -[0m
Service ID 20790
[0mGET /pid [36m304 [0m1.162 ms - -[0m
Service ID 20790
[0mGET /pid [36m304 [0m0.956 ms - -[0m
Service ID 20790
[0mGET /pid [36m304 [0m3.380 ms - -[0m
Service ID 20790
[0mGET /pid [36m304 [0m0.422 ms - -[0m
Service ID 20790
[0mGET /pid [36m304 [0m0.770 ms - -[0m
Service ID 20790
[0mGET /pid [36m304 [0m1.931 ms - -[0m
Service ID 20790
[0mGET /pid [36m304 [0m0.914 ms - -[0m
Service ID 20790
[0mGET /pid [36m304 [0m0.564 ms - -[0m
Service ID 20790
[0mGET /pid [36m304 [0m0.615 ms - -[0m
Service ID 20790
[0mGET /pid [36m304 [0m0.410 ms - -[0m
Service ID 20790
[0mGET /pid [36m304 [0m0.776 ms - -[0m
Service ID 20790
[0mGET /pid [36m304 [0m0.868 ms - -[0m
Service ID 20790
[0mGET /pid [36m304 [0m0.642 ms - -[0m
Service ID 20790
[0mGET /pid [36m304 [0m0.766 ms - -[0m
Service ID 20790
[0mGET /pid [36m304 [0m0.467 ms - -[0m
Service ID 20790
[0mGET /pid [36m304 [0m0.368 ms - -[0m
Service ID 20790
[0mGET /pid [36m304 [0m0.416 ms - -[0m
Service ID 20790
[0mGET /pid [36m304 [0m0.550 ms - -[0m
Service ID 20790
[0mGET /pid [36m304 [0m0.471 ms - -[0m
Service ID 20790
[0mGET /pid [36m304 [0m0.406 ms - -[0m
Service ID 20790
[0mGET /pid [36m304 [0m0.417 ms - -[0m
Service ID 20790
[0mGET /pid [36m304 [0m0.469 ms - -[0m
Service ID 20790
[0mGET /pid [36m304 [0m0.431 ms - -[0m
Service ID 20790
[0mGET /pid [36m304 [0m0.560 ms - -[0m
Service ID 20790
[0mGET /pid [36m304 [0m0.453 ms - -[0m
Service ID 20790
[0mGET /pid [36m304 [0m0.384 ms - -[0m
Service ID 20790
[0mGET /pid [36m304 [0m0.540 ms - -[0m
Service ID 20790
[0mGET /pid [36m304 [0m0.378 ms - -[0m
Service ID 20790
[0mGET /pid [36m304 [0m0.406 ms - -[0m
Service ID 20790
[0mGET /pid [36m304 [0m0.404 ms - -[0m
Service ID 20790
[0mGET /pid [36m304 [0m0.554 ms - -[0m
Service ID 20790
[0mGET /pid [36m304 [0m0.394 ms - -[0m
Service ID 20790
[0mGET /pid [36m304 [0m0.397 ms - -[0m
Service ID 20790
[0mGET /pid [36m304 [0m0.395 ms - -[0m
Service ID 20790
[0mGET /pid [36m304 [0m0.409 ms - -[0m
Service ID 20790
[0mGET /pid [36m304 [0m0.366 ms - -[0m
Service ID 20790
[0mGET /pid [36m304 [0m0.349 ms - -[0m
Service ID 20790
[0mGET /pid [36m304 [0m0.474 ms - -[0m
Service ID 20790
[0mGET /pid [36m304 [0m0.572 ms - -[0m
Service ID 20790
[0mGET /pid [36m304 [0m0.418 ms - -[0m
Service ID 20790
[0mGET /pid [36m304 [0m0.782 ms - -[0m
Service ID 20790
[0mGET /pid [36m304 [0m0.471 ms - -[0m
Service ID 20790
[0mGET /pid [36m304 [0m0.411 ms - -[0m
Service ID 20790
[0mGET /pid [36m304 [0m0.448 ms - -[0m
Service ID 20790
[0mGET /pid [36m304 [0m0.467 ms - -[0m
Service ID 20790
[0mGET /pid [36m304 [0m1.195 ms - -[0m
Service ID 20790
[0mGET /pid [36m304 [0m0.617 ms - -[0m
Service ID 20790
[0mGET /pid [36m304 [0m0.372 ms - -[0m
Service ID 20790
[0mGET /pid [36m304 [0m0.406 ms - -[0m
Service ID 20790
[0mGET /pid [36m304 [0m0.535 ms - -[0m
Service ID 20790
[0mGET /pid [36m304 [0m0.540 ms - -[0m
Service ID 20790
[0mGET /pid [36m304 [0m0.373 ms - -[0m
Service ID 20790
[0mGET /pid [36m304 [0m0.333 ms - -[0m
Service ID 20790
[0mGET /pid [36m304 [0m0.435 ms - -[0m
Service ID 20790
[0mGET /pid [36m304 [0m0.428 ms - -[0m
Service ID 20790
[0mGET /pid [36m304 [0m0.371 ms - -[0m
Service ID 20790
[0mGET /pid [36m304 [0m0.408 ms - -[0m
Service ID 20790
[0mGET /pid [36m304 [0m0.411 ms - -[0m
Service ID 20790
[0mGET /pid [36m304 [0m0.440 ms - -[0m
Service ID 20790
[0mGET /pid [36m304 [0m0.395 ms - -[0m
Service ID 20790
[0mGET /pid [36m304 [0m0.437 ms - -[0m
Service ID 20790
[0mGET /pid [36m304 [0m0.450 ms - -[0m
Service ID 20790
[0mGET /pid [36m304 [0m1.966 ms - -[0m
Service ID 20790
[0mGET /pid [36m304 [0m0.482 ms - -[0m
Service ID 20790
[0mGET /pid [36m304 [0m1.563 ms - -[0m
Service ID 20790
[0mGET /pid [36m304 [0m0.582 ms - -[0m
Service ID 20790
[0mGET /pid [36m304 [0m0.456 ms - -[0m
Service ID 20790
[0mGET /pid [36m304 [0m0.417 ms - -[0m
Service ID 20790
[0mGET /pid [36m304 [0m0.440 ms - -[0m
Service ID 20790
[0mGET /pid [36m304 [0m0.477 ms - -[0m
Service ID 20790
[0mGET /pid [36m304 [0m0.327 ms - -[0m
Service ID 20790
[0mGET /pid [36m304 [0m0.429 ms - -[0m
Service ID 20790
[0mGET /pid [36m304 [0m0.535 ms - -[0m
Service ID 20790
[0mGET /pid [36m304 [0m0.413 ms - -[0m
Service ID 20790
[0mGET /pid [36m304 [0m0.392 ms - -[0m
